Using pre-set license
Built from '2021.1/staging' branch; Version is '2021.1.12f1 (afcadd793de6) revision 11520733'; Using compiler version '192528614'; Build Type 'Release'
OS: 'Windows 10 Home; OS build 19041.1052; Version 2004; 64bit' Language: 'zh' Physical Memory: 6028 MB
BatchMode: 1, IsHumanControllingUs: 0, StartBugReporterOnCrash: 0, Is64bit: 1, IsPro: 0

 COMMAND LINE ARGUMENTS:
D:\Program Files (x86)\2021.1.12f1\Editor\Unity.exe
-adb2
-batchMode
-noUpm
-name
AssetImportWorker2
-projectPath
D:/practice/Unity_HW/fire/fire
-logFile
Logs/AssetImportWorker2.log
-srvPort
62256
Successfully changed project path to: D:/practice/Unity_HW/fire/fire
D:/practice/Unity_HW/fire/fire
Using Asset Import Pipeline V2.
Refreshing native plugins compatible for Editor in 196.39 ms, found 4 plugins.
Preloading 0 native plugins for Editor in 0.00 ms.
Initialize engine version: 2021.1.12f1 (afcadd793de6)
[Subsystems] Discovering subsystems at path D:/Program Files (x86)/2021.1.12f1/Editor/Data/Resources/UnitySubsystems
[Subsystems] Discovering subsystems at path D:/practice/Unity_HW/fire/fire/Assets
GfxDevice: creating device client; threaded=0; jobified=0
Direct3D:
    Version:  Direct3D 11.0 [level 11.1]
    Renderer: NVIDIA GeForce GTX 1050 (ID=0x1c8d)
    Vendor:   NVIDIA
    VRAM:     4019 MB
    Driver:   27.21.14.5771
Initialize mono
Mono path[0] = 'D:/Program Files (x86)/2021.1.12f1/Editor/Data/Managed'
Mono path[1] = 'D:/Program Files (x86)/2021.1.12f1/Editor/Data/MonoBleedingEdge/lib/mono/unityjit'
Mono config path = 'D:/Program Files (x86)/2021.1.12f1/Editor/Data/MonoBleedingEdge/etc'
Using monoOptions --debugger-agent=transport=dt_socket,embedding=1,server=y,suspend=n,address=127.0.0.1:56436
Begin MonoManager ReloadAssembly
Registering precompiled unity dll's ...
Register platform support module: D:/Program Files (x86)/2021.1.12f1/Editor/Data/PlaybackEngines/WebGLSupport/UnityEditor.WebGL.Extensions.dll
Register platform support module: D:/Program Files (x86)/2021.1.12f1/Editor/Data/PlaybackEngines/WindowsStandaloneSupport/UnityEditor.WindowsStandalone.Extensions.dll
Registered in 0.001663 seconds.
Native extension for WindowsStandalone target not found
Native extension for WebGL target not found
Refreshing native plugins compatible for Editor in 108.41 ms, found 4 plugins.
Preloading 0 native plugins for Editor in 0.00 ms.
Mono: successfully reloaded assembly
- Completed reload, in 11.509 seconds
Domain Reload Profiling:
	ReloadAssembly (11509ms)
		BeginReloadAssembly (63ms)
			ExecutionOrderSort (0ms)
			DisableScriptedObjects (0ms)
			BackupInstance (0ms)
			ReleaseScriptingObjects (0ms)
			CreateAndSetChildDomain (1ms)
		EndReloadAssembly (538ms)
			LoadAssemblies (62ms)
			RebuildTransferFunctionScriptingTraits (0ms)
			SetupTypeCache (191ms)
			ReleaseScriptCaches (0ms)
			RebuildScriptCaches (36ms)
			SetupLoadedEditorAssemblies (261ms)
				LogAssemblyErrors (0ms)
				InitializePlatformSupportModulesInManaged (8ms)
				SetLoadedEditorAssemblies (0ms)
				RefreshPlugins (108ms)
				BeforeProcessingInitializeOnLoad (1ms)
				ProcessInitializeOnLoadAttributes (110ms)
				ProcessInitializeOnLoadMethodAttributes (33ms)
				AfterProcessingInitializeOnLoad (0ms)
				EditorAssembliesLoaded (0ms)
			ExecutionOrderSort2 (0ms)
			AwakeInstancesAfterBackupRestoration (0ms)
Platform modules already initialized, skipping
Registering precompiled user dll's ...
Registered in 0.004072 seconds.
Begin MonoManager ReloadAssembly
Symbol file LoadedFromMemory doesn't match image D:\practice\Unity_HW\fire\fire\Library\PackageCache\com.unity.visualscripting@1.6.1\Editor\VisualScripting.Core\Dependencies\YamlDotNet\Unity.VisualScripting.YamlDotNet.dll
Symbol file LoadedFromMemory doesn't match image D:\practice\Unity_HW\fire\fire\Library\PackageCache\com.unity.visualscripting@1.6.1\Editor\VisualScripting.Core\Dependencies\DotNetZip\Unity.VisualScripting.IonicZip.dll
Native extension for WindowsStandalone target not found
Native extension for WebGL target not found
Refreshing native plugins compatible for Editor in 102.34 ms, found 4 plugins.
Preloading 0 native plugins for Editor in 0.00 ms.
Mono: successfully reloaded assembly
- Completed reload, in  2.583 seconds
Domain Reload Profiling:
	ReloadAssembly (2584ms)
		BeginReloadAssembly (176ms)
			ExecutionOrderSort (0ms)
			DisableScriptedObjects (7ms)
			BackupInstance (0ms)
			ReleaseScriptingObjects (0ms)
			CreateAndSetChildDomain (21ms)
		EndReloadAssembly (2334ms)
			LoadAssemblies (1278ms)
			RebuildTransferFunctionScriptingTraits (0ms)
			SetupTypeCache (395ms)
			ReleaseScriptCaches (1ms)
			RebuildScriptCaches (57ms)
			SetupLoadedEditorAssemblies (493ms)
				LogAssemblyErrors (0ms)
				InitializePlatformSupportModulesInManaged (5ms)
				SetLoadedEditorAssemblies (0ms)
				RefreshPlugins (102ms)
				BeforeProcessingInitializeOnLoad (87ms)
				ProcessInitializeOnLoadAttributes (278ms)
				ProcessInitializeOnLoadMethodAttributes (16ms)
				AfterProcessingInitializeOnLoad (3ms)
				EditorAssembliesLoaded (1ms)
			ExecutionOrderSort2 (0ms)
			AwakeInstancesAfterBackupRestoration (7ms)
Platform modules already initialized, skipping
========================================================================
Worker process is ready to serve import requests
Launched and connected shader compiler UnityShaderCompiler.exe after 0.28 seconds
Refreshing native plugins compatible for Editor in 1.11 ms, found 4 plugins.
Preloading 0 native plugins for Editor in 0.00 ms.
Unloading 3667 Unused Serialized files (Serialized files now loaded: 0)
System memory in use before: 138.6 MB.
System memory in use after: 138.7 MB.

Unloading 37 unused Assets to reduce memory usage. Loaded Objects now: 4113.
Total: 4.782100 ms (FindLiveObjects: 0.496000 ms CreateObjectMapping: 0.758100 ms MarkObjects: 3.399900 ms  DeleteObjects: 0.126200 ms)

AssetImportParameters requested are different than current active one (requested -> active):
  custom:framework-win-MediaFoundation: 216162199b28c13a410421893ffa2e32 -> 
  custom:video-decoder-ogg-theora: a1e56fd34408186e4bbccfd4996cb3dc -> 
  custom:container-muxer-webm: aa71ff27fc2769a1b78a27578f13a17b -> 
  custom:container-demuxer-webm: 4f35f7cbe854078d1ac9338744f61a02 -> 
  custom:container-demuxer-ogg: 62fdf1f143b41e24485cea50d1cbac27 -> 
  custom:video-encoder-webm-vp8: eb34c28f22e8b96e1ab97ce403110664 -> 
  custom:video-codec-MediaFoundation-h265: 746d11721c4dcdbdad8f713fa42b33f4 -> 
  custom:video-decoder-webm-vp8: 9c59270c3fd7afecdb556c50c9e8de78 -> 
  custom:audio-decoder-ogg-vorbis: bf7c407c2cedff20999df2af8eb42d56 -> 
  custom:audio-encoder-webm-vorbis: bf7c407c2cedff20999df2af8eb42d56 -> 
========================================================================
Received Import Request.
  path: Assets/圖片
  artifactKey: Guid(5a7a29a1d6e483b469fd85d2fe6a5877) Importer(815301076,1909f56bfc062723c751e8b465ee728b)
Start importing Assets/圖片 using Guid(5a7a29a1d6e483b469fd85d2fe6a5877) Importer(815301076,1909f56bfc062723c751e8b465ee728b)  -> (artifact id: '2818c86d4c55e0ff988593cd09cbe2e0') in 0.047022 seconds 
========================================================================
Received Import Request.
  Time since last request: 189.469176 seconds.
  path: Assets
  artifactKey: Guid(00000000000000001000000000000000) Importer(815301076,1909f56bfc062723c751e8b465ee728b)
Start importing Assets using Guid(00000000000000001000000000000000) Importer(815301076,1909f56bfc062723c751e8b465ee728b)  -> (artifact id: '68a4034d3d715da871e781da702f0bc5') in 0.032255 seconds 
========================================================================
Received Import Request.
  Time since last request: 12.632307 seconds.
  path: Assets/fire.mat
  artifactKey: Guid(98f336626091ab6459c120d13aefa7c5) Importer(815301076,1909f56bfc062723c751e8b465ee728b)
Start importing Assets/fire.mat using Guid(98f336626091ab6459c120d13aefa7c5) Importer(815301076,1909f56bfc062723c751e8b465ee728b)  -> (artifact id: '71b4b86808151c83fc634d8d83a07234') in 0.627638 seconds 
========================================================================
Received Import Request.
  Time since last request: 3.301396 seconds.
  path: Assets/圖片/fire.png
  artifactKey: Guid(9eb2e043018350b48b41ca1b582fccda) Importer(815301076,1909f56bfc062723c751e8b465ee728b)
Start importing Assets/圖片/fire.png using Guid(9eb2e043018350b48b41ca1b582fccda) Importer(815301076,1909f56bfc062723c751e8b465ee728b)  -> (artifact id: '7f2906c6c06a96066f36f61c9555197d') in 0.141782 seconds 
========================================================================
Received Import Request.
  Time since last request: 96.383191 seconds.
  path: Assets/圖片/New Material.mat
  artifactKey: Guid(e64353175c023ea498288d9cf391c401) Importer(815301076,1909f56bfc062723c751e8b465ee728b)
Start importing Assets/圖片/New Material.mat using Guid(e64353175c023ea498288d9cf391c401) Importer(815301076,1909f56bfc062723c751e8b465ee728b)  -> (artifact id: '79b1cdc6f1af6b53a1e54ae6dd60360a') in 0.020850 seconds 
========================================================================
Received Import Request.
  Time since last request: 470.927638 seconds.
  path: Assets/圖片/New Material.mat
  artifactKey: Guid(e64353175c023ea498288d9cf391c401) Importer(815301076,1909f56bfc062723c751e8b465ee728b)
Start importing Assets/圖片/New Material.mat using Guid(e64353175c023ea498288d9cf391c401) Importer(815301076,1909f56bfc062723c751e8b465ee728b)  -> (artifact id: 'ab24556a78ddbb29c1ef1a271c9a8eea') in 0.051048 seconds 
========================================================================
Received Import Request.
  Time since last request: 638.906589 seconds.
  path: Assets/圖片/fire 1.png
  artifactKey: Guid(2820f350be126ce478a0a1c920e1e628) Importer(815301076,1909f56bfc062723c751e8b465ee728b)
Start importing Assets/圖片/fire 1.png using Guid(2820f350be126ce478a0a1c920e1e628) Importer(815301076,1909f56bfc062723c751e8b465ee728b)  -> (artifact id: '47810567f50a6823c5b63b198314b395') in 0.038860 seconds 
========================================================================
Received Import Request.
  Time since last request: 87.990933 seconds.
  path: Assets/圖片/fire2.png
  artifactKey: Guid(d68d0d31b441b0842a16109ae15e2018) Importer(815301076,1909f56bfc062723c751e8b465ee728b)
Start importing Assets/圖片/fire2.png using Guid(d68d0d31b441b0842a16109ae15e2018) Importer(815301076,1909f56bfc062723c751e8b465ee728b)  -> (artifact id: '0db367f4e40bfb8372d32b5852c62713') in 0.035991 seconds 
========================================================================
Received Import Request.
  Time since last request: 546.374211 seconds.
  path: Assets/圖片/fire3.png
  artifactKey: Guid(a70d438ef107b554b84e619272ee2b79) Importer(815301076,1909f56bfc062723c751e8b465ee728b)
Start importing Assets/圖片/fire3.png using Guid(a70d438ef107b554b84e619272ee2b79) Importer(815301076,1909f56bfc062723c751e8b465ee728b)  -> (artifact id: '3982addf5fead5e2b79b02f1d11f2cf5') in 0.046570 seconds 
========================================================================
Received Import Request.
  Time since last request: 96.227311 seconds.
  path: Assets/圖片/New Material.mat
  artifactKey: Guid(e64353175c023ea498288d9cf391c401) Importer(815301076,1909f56bfc062723c751e8b465ee728b)
Start importing Assets/圖片/New Material.mat using Guid(e64353175c023ea498288d9cf391c401) Importer(815301076,1909f56bfc062723c751e8b465ee728b)  -> (artifact id: 'd9c424202edd1adf0bd86e9eca926ce7') in 0.044811 seconds 
========================================================================
Received Prepare
Registering precompiled user dll's ...
Registered in 0.057785 seconds.
Begin MonoManager ReloadAssembly
Symbol file LoadedFromMemory doesn't match image D:\practice\Unity_HW\fire\fire\Library\PackageCache\com.unity.visualscripting@1.6.1\Editor\VisualScripting.Core\Dependencies\YamlDotNet\Unity.VisualScripting.YamlDotNet.dll
Symbol file LoadedFromMemory doesn't match image D:\practice\Unity_HW\fire\fire\Library\PackageCache\com.unity.visualscripting@1.6.1\Editor\VisualScripting.Core\Dependencies\DotNetZip\Unity.VisualScripting.IonicZip.dll
Native extension for WindowsStandalone target not found
Native extension for WebGL target not found
Refreshing native plugins compatible for Editor in 0.71 ms, found 4 plugins.
Preloading 0 native plugins for Editor in 0.00 ms.
Mono: successfully reloaded assembly
- Completed reload, in  2.376 seconds
Domain Reload Profiling:
	ReloadAssembly (2376ms)
		BeginReloadAssembly (249ms)
			ExecutionOrderSort (0ms)
			DisableScriptedObjects (16ms)
			BackupInstance (0ms)
			ReleaseScriptingObjects (0ms)
			CreateAndSetChildDomain (137ms)
		EndReloadAssembly (2063ms)
			LoadAssemblies (108ms)
			RebuildTransferFunctionScriptingTraits (0ms)
			SetupTypeCache (407ms)
			ReleaseScriptCaches (2ms)
			RebuildScriptCaches (47ms)
			SetupLoadedEditorAssemblies (363ms)
				LogAssemblyErrors (0ms)
				InitializePlatformSupportModulesInManaged (9ms)
				SetLoadedEditorAssemblies (1ms)
				RefreshPlugins (1ms)
				BeforeProcessingInitializeOnLoad (70ms)
				ProcessInitializeOnLoadAttributes (270ms)
				ProcessInitializeOnLoadMethodAttributes (10ms)
				AfterProcessingInitializeOnLoad (2ms)
				EditorAssembliesLoaded (0ms)
			ExecutionOrderSort2 (0ms)
			AwakeInstancesAfterBackupRestoration (19ms)
Platform modules already initialized, skipping
Refreshing native plugins compatible for Editor in 0.80 ms, found 4 plugins.
Preloading 0 native plugins for Editor in 0.00 ms.
Unloading 3663 Unused Serialized files (Serialized files now loaded: 0)
System memory in use before: 144.8 MB.
System memory in use after: 144.9 MB.

Unloading 25 unused Assets to reduce memory usage. Loaded Objects now: 4216.
Total: 3.695600 ms (FindLiveObjects: 0.369600 ms CreateObjectMapping: 0.199200 ms MarkObjects: 3.025500 ms  DeleteObjects: 0.100300 ms)

AssetImportParameters requested are different than current active one (requested -> active):
  custom:framework-win-MediaFoundation: 216162199b28c13a410421893ffa2e32 -> 
  custom:video-decoder-ogg-theora: a1e56fd34408186e4bbccfd4996cb3dc -> 
  custom:container-muxer-webm: aa71ff27fc2769a1b78a27578f13a17b -> 
  custom:container-demuxer-webm: 4f35f7cbe854078d1ac9338744f61a02 -> 
  custom:container-demuxer-ogg: 62fdf1f143b41e24485cea50d1cbac27 -> 
  custom:video-encoder-webm-vp8: eb34c28f22e8b96e1ab97ce403110664 -> 
  custom:video-codec-MediaFoundation-h265: 746d11721c4dcdbdad8f713fa42b33f4 -> 
  custom:video-decoder-webm-vp8: 9c59270c3fd7afecdb556c50c9e8de78 -> 
  custom:audio-decoder-ogg-vorbis: bf7c407c2cedff20999df2af8eb42d56 -> 
  custom:audio-encoder-webm-vorbis: bf7c407c2cedff20999df2af8eb42d56 -> 
AssetImportWorkerClient::OnTransportError - code=2 error=End of file
