Using pre-set license
Built from '2021.1/staging' branch; Version is '2021.1.12f1 (afcadd793de6) revision 11520733'; Using compiler version '192528614'; Build Type 'Release'
OS: 'Windows 10 Home; OS build 19041.1052; Version 2004; 64bit' Language: 'zh' Physical Memory: 6028 MB
BatchMode: 1, IsHumanControllingUs: 0, StartBugReporterOnCrash: 0, Is64bit: 1, IsPro: 0

 COMMAND LINE ARGUMENTS:
D:\Program Files (x86)\2021.1.12f1\Editor\Unity.exe
-adb2
-batchMode
-noUpm
-name
AssetImportWorker1
-projectPath
D:/practice/Unity_HW/fire/fire
-logFile
Logs/AssetImportWorker1.log
-srvPort
51016
Successfully changed project path to: D:/practice/Unity_HW/fire/fire
D:/practice/Unity_HW/fire/fire
Using Asset Import Pipeline V2.
Refreshing native plugins compatible for Editor in 95.23 ms, found 4 plugins.
Preloading 0 native plugins for Editor in 0.00 ms.
Initialize engine version: 2021.1.12f1 (afcadd793de6)
[Subsystems] Discovering subsystems at path D:/Program Files (x86)/2021.1.12f1/Editor/Data/Resources/UnitySubsystems
[Subsystems] Discovering subsystems at path D:/practice/Unity_HW/fire/fire/Assets
GfxDevice: creating device client; threaded=0; jobified=0
Direct3D:
    Version:  Direct3D 11.0 [level 11.1]
    Renderer: NVIDIA GeForce GTX 1050 (ID=0x1c8d)
    Vendor:   NVIDIA
    VRAM:     4019 MB
    Driver:   27.21.14.5771
Initialize mono
Mono path[0] = 'D:/Program Files (x86)/2021.1.12f1/Editor/Data/Managed'
Mono path[1] = 'D:/Program Files (x86)/2021.1.12f1/Editor/Data/MonoBleedingEdge/lib/mono/unityjit'
Mono config path = 'D:/Program Files (x86)/2021.1.12f1/Editor/Data/MonoBleedingEdge/etc'
Using monoOptions --debugger-agent=transport=dt_socket,embedding=1,server=y,suspend=n,address=127.0.0.1:56580
Begin MonoManager ReloadAssembly
Registering precompiled unity dll's ...
Register platform support module: D:/Program Files (x86)/2021.1.12f1/Editor/Data/PlaybackEngines/WebGLSupport/UnityEditor.WebGL.Extensions.dll
Register platform support module: D:/Program Files (x86)/2021.1.12f1/Editor/Data/PlaybackEngines/WindowsStandaloneSupport/UnityEditor.WindowsStandalone.Extensions.dll
Registered in 0.001169 seconds.
Native extension for WindowsStandalone target not found
Native extension for WebGL target not found
Refreshing native plugins compatible for Editor in 99.33 ms, found 4 plugins.
Preloading 0 native plugins for Editor in 0.00 ms.
Mono: successfully reloaded assembly
- Completed reload, in  1.381 seconds
Domain Reload Profiling:
	ReloadAssembly (1381ms)
		BeginReloadAssembly (50ms)
			ExecutionOrderSort (0ms)
			DisableScriptedObjects (0ms)
			BackupInstance (0ms)
			ReleaseScriptingObjects (0ms)
			CreateAndSetChildDomain (1ms)
		EndReloadAssembly (481ms)
			LoadAssemblies (49ms)
			RebuildTransferFunctionScriptingTraits (0ms)
			SetupTypeCache (171ms)
			ReleaseScriptCaches (0ms)
			RebuildScriptCaches (31ms)
			SetupLoadedEditorAssemblies (234ms)
				LogAssemblyErrors (0ms)
				InitializePlatformSupportModulesInManaged (6ms)
				SetLoadedEditorAssemblies (0ms)
				RefreshPlugins (99ms)
				BeforeProcessingInitializeOnLoad (1ms)
				ProcessInitializeOnLoadAttributes (98ms)
				ProcessInitializeOnLoadMethodAttributes (29ms)
				AfterProcessingInitializeOnLoad (0ms)
				EditorAssembliesLoaded (0ms)
			ExecutionOrderSort2 (0ms)
			AwakeInstancesAfterBackupRestoration (0ms)
Platform modules already initialized, skipping
Registering precompiled user dll's ...
Registered in 0.004130 seconds.
Begin MonoManager ReloadAssembly
Symbol file LoadedFromMemory doesn't match image D:\practice\Unity_HW\fire\fire\Library\PackageCache\com.unity.visualscripting@1.6.1\Editor\VisualScripting.Core\Dependencies\YamlDotNet\Unity.VisualScripting.YamlDotNet.dll
Symbol file LoadedFromMemory doesn't match image D:\practice\Unity_HW\fire\fire\Library\PackageCache\com.unity.visualscripting@1.6.1\Editor\VisualScripting.Core\Dependencies\DotNetZip\Unity.VisualScripting.IonicZip.dll
Native extension for WindowsStandalone target not found
Native extension for WebGL target not found
Refreshing native plugins compatible for Editor in 117.35 ms, found 4 plugins.
Preloading 0 native plugins for Editor in 0.00 ms.
Mono: successfully reloaded assembly
- Completed reload, in  2.459 seconds
Domain Reload Profiling:
	ReloadAssembly (2459ms)
		BeginReloadAssembly (143ms)
			ExecutionOrderSort (0ms)
			DisableScriptedObjects (5ms)
			BackupInstance (0ms)
			ReleaseScriptingObjects (0ms)
			CreateAndSetChildDomain (21ms)
		EndReloadAssembly (2262ms)
			LoadAssemblies (1233ms)
			RebuildTransferFunctionScriptingTraits (0ms)
			SetupTypeCache (367ms)
			ReleaseScriptCaches (1ms)
			RebuildScriptCaches (57ms)
			SetupLoadedEditorAssemblies (499ms)
				LogAssemblyErrors (0ms)
				InitializePlatformSupportModulesInManaged (4ms)
				SetLoadedEditorAssemblies (0ms)
				RefreshPlugins (117ms)
				BeforeProcessingInitializeOnLoad (91ms)
				ProcessInitializeOnLoadAttributes (267ms)
				ProcessInitializeOnLoadMethodAttributes (16ms)
				AfterProcessingInitializeOnLoad (2ms)
				EditorAssembliesLoaded (0ms)
			ExecutionOrderSort2 (0ms)
			AwakeInstancesAfterBackupRestoration (6ms)
Platform modules already initialized, skipping
========================================================================
Worker process is ready to serve import requests
Launched and connected shader compiler UnityShaderCompiler.exe after 0.14 seconds
Refreshing native plugins compatible for Editor in 0.87 ms, found 4 plugins.
Preloading 0 native plugins for Editor in 0.00 ms.
Unloading 3667 Unused Serialized files (Serialized files now loaded: 0)
System memory in use before: 138.6 MB.
System memory in use after: 138.7 MB.

Unloading 37 unused Assets to reduce memory usage. Loaded Objects now: 4113.
Total: 3.146300 ms (FindLiveObjects: 0.292400 ms CreateObjectMapping: 0.154500 ms MarkObjects: 2.577300 ms  DeleteObjects: 0.120800 ms)

AssetImportParameters requested are different than current active one (requested -> active):
  custom:framework-win-MediaFoundation: 216162199b28c13a410421893ffa2e32 -> 
  custom:video-decoder-ogg-theora: a1e56fd34408186e4bbccfd4996cb3dc -> 
  custom:container-muxer-webm: aa71ff27fc2769a1b78a27578f13a17b -> 
  custom:container-demuxer-webm: 4f35f7cbe854078d1ac9338744f61a02 -> 
  custom:container-demuxer-ogg: 62fdf1f143b41e24485cea50d1cbac27 -> 
  custom:video-encoder-webm-vp8: eb34c28f22e8b96e1ab97ce403110664 -> 
  custom:video-codec-MediaFoundation-h265: 746d11721c4dcdbdad8f713fa42b33f4 -> 
  custom:video-decoder-webm-vp8: 9c59270c3fd7afecdb556c50c9e8de78 -> 
  custom:audio-decoder-ogg-vorbis: bf7c407c2cedff20999df2af8eb42d56 -> 
  custom:audio-encoder-webm-vorbis: bf7c407c2cedff20999df2af8eb42d56 -> 
========================================================================
Received Import Request.
  path: Assets/圖片/New Material.mat
  artifactKey: Guid(e64353175c023ea498288d9cf391c401) Importer(815301076,1909f56bfc062723c751e8b465ee728b)
Start importing Assets/圖片/New Material.mat using Guid(e64353175c023ea498288d9cf391c401) Importer(815301076,1909f56bfc062723c751e8b465ee728b)  -> (artifact id: '363a3065e09b4b7e478911bd1a7c1555') in 0.325249 seconds 
========================================================================
Received Import Request.
  Time since last request: 3.839937 seconds.
  path: Assets/圖片/New Material.mat
  artifactKey: Guid(e64353175c023ea498288d9cf391c401) Importer(815301076,1909f56bfc062723c751e8b465ee728b)
Start importing Assets/圖片/New Material.mat using Guid(e64353175c023ea498288d9cf391c401) Importer(815301076,1909f56bfc062723c751e8b465ee728b)  -> (artifact id: 'd9c424202edd1adf0bd86e9eca926ce7') in 0.010050 seconds 
========================================================================
Received Import Request.
  Time since last request: 609.410094 seconds.
  path: Assets/圖片/fire3.png
  artifactKey: Guid(b502b10c8bde38c4ab91db1539bcb1ae) Importer(815301076,1909f56bfc062723c751e8b465ee728b)
Start importing Assets/圖片/fire3.png using Guid(b502b10c8bde38c4ab91db1539bcb1ae) Importer(815301076,1909f56bfc062723c751e8b465ee728b)  -> (artifact id: '1554d7a0423d910b0205a02091a54370') in 0.087963 seconds 
========================================================================
Received Import Request.
  Time since last request: 257.352993 seconds.
  path: Assets/圖片/fire3 1.png
  artifactKey: Guid(ecd8d9c1c09e3b04481ed2351c60d610) Importer(815301076,1909f56bfc062723c751e8b465ee728b)
Start importing Assets/圖片/fire3 1.png using Guid(ecd8d9c1c09e3b04481ed2351c60d610) Importer(815301076,1909f56bfc062723c751e8b465ee728b)  -> (artifact id: 'e315640abef6d739d3b759253d99e799') in 0.060909 seconds 
========================================================================
Received Import Request.
  Time since last request: 12.545056 seconds.
  path: Assets/圖片/fire3.png
  artifactKey: Guid(b502b10c8bde38c4ab91db1539bcb1ae) Importer(815301076,1909f56bfc062723c751e8b465ee728b)
Start importing Assets/圖片/fire3.png using Guid(b502b10c8bde38c4ab91db1539bcb1ae) Importer(815301076,1909f56bfc062723c751e8b465ee728b)  -> (artifact id: '83a2a6d66d21f150c0c348b6b7d6bc9f') in 0.020988 seconds 
========================================================================
Received Import Request.
  Time since last request: 681.650485 seconds.
  path: Assets/圖片/fire3.png
  artifactKey: Guid(b502b10c8bde38c4ab91db1539bcb1ae) Importer(815301076,1909f56bfc062723c751e8b465ee728b)
Start importing Assets/圖片/fire3.png using Guid(b502b10c8bde38c4ab91db1539bcb1ae) Importer(815301076,1909f56bfc062723c751e8b465ee728b)  -> (artifact id: '745862076635658ab837042fa1de8384') in 0.049499 seconds 
========================================================================
Received Import Request.
  Time since last request: 165.152031 seconds.
  path: Assets/圖片/fire2.png
  artifactKey: Guid(d68d0d31b441b0842a16109ae15e2018) Importer(815301076,1909f56bfc062723c751e8b465ee728b)
Start importing Assets/圖片/fire2.png using Guid(d68d0d31b441b0842a16109ae15e2018) Importer(815301076,1909f56bfc062723c751e8b465ee728b)  -> (artifact id: 'cd66416839eafa59b5e2526dc00c09a3') in 0.029805 seconds 
AssetImportWorkerClient::OnTransportError - code=2 error=End of file
